<?xml version="1.0" encoding="UTF-8"?>
<!-- Generated by org.testng.reporters.JUnitReportReporter -->
<testsuite hostname="DESKTOP-JSLH211" failures="4" tests="68" name="runner.Dietrun" time="2.886" errors="0" timestamp="2022-06-21T14:27:07 CDT" skipped="0">
  <testcase classname="runner.Dietrun" name="runScenario" time="0.036"/>
  <system-out/>
  <testcase classname="runner.Dietrun" name="runScenario" time="0.022"/>
  <system-out/>
  <testcase classname="runner.Dietrun" name="runScenario" time="0.032"/>
  <system-out/>
  <testcase classname="runner.Dietrun" name="runScenario" time="0.025"/>
  <system-out/>
  <testcase classname="runner.Dietrun" name="runScenario" time="0.067"/>
  <system-out/>
  <testcase classname="runner.Dietrun" name="runScenario" time="0.019"/>
  <system-out/>
  <testcase classname="runner.Dietrun" name="runScenario" time="0.078"/>
  <system-out/>
  <testcase classname="runner.Dietrun" name="runScenario" time="0.027"/>
  <system-out/>
  <testcase classname="runner.Dietrun" name="runScenario" time="0.040"/>
  <system-out/>
  <testcase classname="runner.Dietrun" name="runScenario" time="0.035"/>
  <system-out/>
  <testcase classname="runner.Dietrun" name="runScenario" time="0.037"/>
  <system-out/>
  <testcase classname="runner.Dietrun" name="runScenario" time="0.045"/>
  <system-out/>
  <testcase classname="runner.Dietrun" name="runScenario" time="0.054"/>
  <system-out/>
  <testcase classname="runner.Dietrun" name="runScenario" time="0.057"/>
  <system-out/>
  <testcase classname="runner.Dietrun" name="runScenario" time="0.021"/>
  <system-out/>
  <testcase classname="runner.Dietrun" name="runScenario" time="0.038"/>
  <system-out/>
  <testcase classname="runner.Dietrun" name="runScenario" time="0.020"/>
  <system-out/>
  <testcase classname="runner.Dietrun" name="runScenario" time="0.032"/>
  <system-out/>
  <testcase classname="runner.Dietrun" name="runScenario" time="0.354"/>
  <system-out/>
  <testcase classname="runner.Dietrun" name="runScenario" time="0.021"/>
  <system-out/>
  <testcase classname="runner.Dietrun" name="runScenario" time="0.021"/>
  <system-out/>
  <testcase classname="runner.Dietrun" name="runScenario" time="0.044"/>
  <system-out/>
  <testcase classname="runner.Dietrun" name="runScenario" time="0.025"/>
  <system-out/>
  <testcase classname="runner.Dietrun" name="runScenario" time="0.031">
    <failure message="expected [PDF files within the size limit of 2MB] but found [Only files with extension .pdf are allowed]" type="java.lang.AssertionError">
      <![CDATA[java.lang.AssertionError: expected [PDF files within the size limit of 2MB] but found [Only files with extension .pdf are allowed]
at org.testng.Assert.fail(Assert.java:110)
at org.testng.Assert.failNotEquals(Assert.java:1413)
at org.testng.Assert.assertEqualsImpl(Assert.java:149)
at org.testng.Assert.assertEquals(Assert.java:131)
at org.testng.Assert.assertEquals(Assert.java:655)
at org.testng.Assert.assertEquals(Assert.java:665)
at stepdefinition.Createdietplan.the_user_should_see_an_error_message(Createdietplan.java:93)
at ✽.The user should see an error message "Only files with extension .pdf are allowed"(file:///C:/Users/amitf/eclipse-workspace/Dieticiansite/src/test/resources/feature/createdietplan.feature:56)
]]>
    </failure>
  </testcase> <!-- runScenario -->
  <system-out/>
  <testcase classname="runner.Dietrun" name="runScenario" time="0.025"/>
  <system-out/>
  <testcase classname="runner.Dietrun" name="runScenario" time="0.023"/>
  <system-out/>
  <testcase classname="runner.Dietrun" name="runScenario" time="0.055"/>
  <system-out/>
  <testcase classname="runner.Dietrun" name="runScenario" time="0.036"/>
  <system-out/>
  <testcase classname="runner.Dietrun" name="runScenario" time="0.027"/>
  <system-out/>
  <testcase classname="runner.Dietrun" name="runScenario" time="0.054"/>
  <system-out/>
  <testcase classname="runner.Dietrun" name="runScenario" time="0.062"/>
  <system-out/>
  <testcase classname="runner.Dietrun" name="runScenario" time="0.042"/>
  <system-out/>
  <testcase classname="runner.Dietrun" name="runScenario" time="0.038"/>
  <system-out/>
  <testcase classname="runner.Dietrun" name="runScenario" time="0.031"/>
  <system-out/>
  <testcase classname="runner.Dietrun" name="runScenario" time="0.019"/>
  <system-out/>
  <testcase classname="runner.Dietrun" name="runScenario" time="0.033"/>
  <system-out/>
  <testcase classname="runner.Dietrun" name="runScenario" time="0.018"/>
  <system-out/>
  <testcase classname="runner.Dietrun" name="runScenario" time="0.085"/>
  <system-out/>
  <testcase classname="runner.Dietrun" name="runScenario" time="0.043"/>
  <system-out/>
  <testcase classname="runner.Dietrun" name="runScenario" time="0.095"/>
  <system-out/>
  <testcase classname="runner.Dietrun" name="runScenario" time="0.040"/>
  <system-out/>
  <testcase classname="runner.Dietrun" name="runScenario" time="0.049"/>
  <system-out/>
  <testcase classname="runner.Dietrun" name="runScenario" time="0.028"/>
  <system-out/>
  <testcase classname="runner.Dietrun" name="runScenario" time="0.033"/>
  <system-out/>
  <testcase classname="runner.Dietrun" name="runScenario" time="0.056"/>
  <system-out/>
  <testcase classname="runner.Dietrun" name="runScenario" time="0.030"/>
  <system-out/>
  <testcase classname="runner.Dietrun" name="runScenario" time="0.021"/>
  <system-out/>
  <testcase classname="runner.Dietrun" name="runScenario" time="0.043"/>
  <system-out/>
  <testcase classname="runner.Dietrun" name="runScenario" time="0.020"/>
  <system-out/>
  <testcase classname="runner.Dietrun" name="runScenario" time="0.051">
    <failure message="expected [PDF files within the size limit of 2MB] but found [Only files with extension .pdf are allowed]" type="java.lang.AssertionError">
      <![CDATA[java.lang.AssertionError: expected [PDF files within the size limit of 2MB] but found [Only files with extension .pdf are allowed]
at org.testng.Assert.fail(Assert.java:110)
at org.testng.Assert.failNotEquals(Assert.java:1413)
at org.testng.Assert.assertEqualsImpl(Assert.java:149)
at org.testng.Assert.assertEquals(Assert.java:131)
at org.testng.Assert.assertEquals(Assert.java:655)
at org.testng.Assert.assertEquals(Assert.java:665)
at stepdefinition.Createdietplan.the_user_should_see_an_error_message(Createdietplan.java:93)
at ✽.The user should see an error message "Only files with extension .pdf are allowed"(file:///C:/Users/amitf/eclipse-workspace/Dieticiansite/src/test/resources/feature/createdietplan.feature:70)
]]>
    </failure>
  </testcase> <!-- runScenario -->
  <system-out/>
  <testcase classname="runner.Dietrun" name="runScenario" time="0.020"/>
  <system-out/>
  <testcase classname="runner.Dietrun" name="runScenario" time="0.042">
    <failure message="expected [PDF files within the size limit of 2MB] but found [PDF files exceeding the size limit of 2MB]" type="java.lang.AssertionError">
      <![CDATA[java.lang.AssertionError: expected [PDF files within the size limit of 2MB] but found [PDF files exceeding the size limit of 2MB]
at org.testng.Assert.fail(Assert.java:110)
at org.testng.Assert.failNotEquals(Assert.java:1413)
at org.testng.Assert.assertEqualsImpl(Assert.java:149)
at org.testng.Assert.assertEquals(Assert.java:131)
at org.testng.Assert.assertEquals(Assert.java:655)
at org.testng.Assert.assertEquals(Assert.java:665)
at stepdefinition.Createdietplan.the_user_should_see_an_error_message(Createdietplan.java:93)
at ✽.The user should see an error message "PDF files exceeding the size limit of 2MB"(file:///C:/Users/amitf/eclipse-workspace/Dieticiansite/src/test/resources/feature/createdietplan.feature:63)
]]>
    </failure>
  </testcase> <!-- runScenario -->
  <system-out/>
  <testcase classname="runner.Dietrun" name="runScenario" time="0.048"/>
  <system-out/>
  <testcase classname="runner.Dietrun" name="runScenario" time="0.023"/>
  <system-out/>
  <testcase classname="runner.Dietrun" name="runScenario" time="0.020"/>
  <system-out/>
  <testcase classname="runner.Dietrun" name="runScenario" time="0.024"/>
  <system-out/>
  <testcase classname="runner.Dietrun" name="runScenario" time="0.057"/>
  <system-out/>
  <testcase classname="runner.Dietrun" name="runScenario" time="0.028"/>
  <system-out/>
  <testcase classname="runner.Dietrun" name="runScenario" time="0.027"/>
  <system-out/>
  <testcase classname="runner.Dietrun" name="runScenario" time="0.027"/>
  <system-out/>
  <testcase classname="runner.Dietrun" name="runScenario" time="0.030"/>
  <system-out/>
  <testcase classname="runner.Dietrun" name="runScenario" time="0.021"/>
  <system-out/>
  <testcase classname="runner.Dietrun" name="runScenario" time="0.056"/>
  <system-out/>
  <testcase classname="runner.Dietrun" name="runScenario" time="0.033"/>
  <system-out/>
  <testcase classname="runner.Dietrun" name="runScenario" time="0.036"/>
  <system-out/>
  <testcase classname="runner.Dietrun" name="runScenario" time="0.058"/>
  <system-out/>
  <testcase classname="runner.Dietrun" name="runScenario" time="0.079">
    <failure message="expected [File uplaoded successfully] but found [File uploaded successfully]" type="java.lang.AssertionError">
      <![CDATA[java.lang.AssertionError: expected [File uplaoded successfully] but found [File uploaded successfully]
at org.testng.Assert.fail(Assert.java:110)
at org.testng.Assert.failNotEquals(Assert.java:1413)
at org.testng.Assert.assertEqualsImpl(Assert.java:149)
at org.testng.Assert.assertEquals(Assert.java:131)
at org.testng.Assert.assertEquals(Assert.java:655)
at org.testng.Assert.assertEquals(Assert.java:665)
at stepdefinition.Createdietplan.the_user_should_see_a_message(Createdietplan.java:80)
at ✽.The user should see a message "File uploaded successfully"(file:///C:/Users/amitf/eclipse-workspace/Dieticiansite/src/test/resources/feature/createdietplan.feature:49)
]]>
    </failure>
  </testcase> <!-- runScenario -->
  <system-out/>
  <testcase classname="runner.Dietrun" name="runScenario" time="0.019"/>
  <system-out/>
</testsuite> <!-- runner.Dietrun -->
