<?xml version="1.0" encoding="UTF-8"?>
<!-- Generated by org.testng.reporters.JUnitReportReporter -->
<testsuite hostname="DESKTOP-JSLH211" failures="4" tests="68" name="runner.Allure" time="3.327" errors="0" timestamp="2022-06-21T13:23:08 CDT" skipped="0">
  <testcase classname="runner.Allure" name="runScenario" time="0.037"/>
  <system-out/>
  <testcase classname="runner.Allure" name="runScenario" time="0.029"/>
  <system-out/>
  <testcase classname="runner.Allure" name="runScenario" time="0.025"/>
  <system-out/>
  <testcase classname="runner.Allure" name="runScenario" time="0.051"/>
  <system-out/>
  <testcase classname="runner.Allure" name="runScenario" time="0.052"/>
  <system-out/>
  <testcase classname="runner.Allure" name="runScenario" time="0.073"/>
  <system-out/>
  <testcase classname="runner.Allure" name="runScenario" time="0.073"/>
  <system-out/>
  <testcase classname="runner.Allure" name="runScenario" time="0.023"/>
  <system-out/>
  <testcase classname="runner.Allure" name="runScenario" time="0.047"/>
  <system-out/>
  <testcase classname="runner.Allure" name="runScenario" time="0.044"/>
  <system-out/>
  <testcase classname="runner.Allure" name="runScenario" time="0.054"/>
  <system-out/>
  <testcase classname="runner.Allure" name="runScenario" time="0.056"/>
  <system-out/>
  <testcase classname="runner.Allure" name="runScenario" time="0.060"/>
  <system-out/>
  <testcase classname="runner.Allure" name="runScenario" time="0.054">
    <failure message="expected [PDF files within the size limit of 2MB] but found [Only files with extension .pdf are allowed]" type="java.lang.AssertionError">
      <![CDATA[java.lang.AssertionError: expected [PDF files within the size limit of 2MB] but found [Only files with extension .pdf are allowed]
at org.testng.Assert.fail(Assert.java:110)
at org.testng.Assert.failNotEquals(Assert.java:1413)
at org.testng.Assert.assertEqualsImpl(Assert.java:149)
at org.testng.Assert.assertEquals(Assert.java:131)
at org.testng.Assert.assertEquals(Assert.java:655)
at org.testng.Assert.assertEquals(Assert.java:665)
at stepdefinition.Createdietplan.the_user_should_see_an_error_message(Createdietplan.java:93)
at ✽.The user should see an error message "Only files with extension .pdf are allowed"(file:///C:/Users/amitf/eclipse-workspace/Dieticiansite/src/test/resources/feature/createdietplan.feature:70)
]]>
    </failure>
  </testcase> <!-- runScenario -->
  <system-out/>
  <testcase classname="runner.Allure" name="runScenario" time="0.659"/>
  <system-out/>
  <testcase classname="runner.Allure" name="runScenario" time="0.053"/>
  <system-out/>
  <testcase classname="runner.Allure" name="runScenario" time="0.029"/>
  <system-out/>
  <testcase classname="runner.Allure" name="runScenario" time="0.019"/>
  <system-out/>
  <testcase classname="runner.Allure" name="runScenario" time="0.059"/>
  <system-out/>
  <testcase classname="runner.Allure" name="runScenario" time="0.044"/>
  <system-out/>
  <testcase classname="runner.Allure" name="runScenario" time="0.028"/>
  <system-out/>
  <testcase classname="runner.Allure" name="runScenario" time="0.049"/>
  <system-out/>
  <testcase classname="runner.Allure" name="runScenario" time="0.025"/>
  <system-out/>
  <testcase classname="runner.Allure" name="runScenario" time="0.028"/>
  <system-out/>
  <testcase classname="runner.Allure" name="runScenario" time="0.026"/>
  <system-out/>
  <testcase classname="runner.Allure" name="runScenario" time="0.043"/>
  <system-out/>
  <testcase classname="runner.Allure" name="runScenario" time="0.027"/>
  <system-out/>
  <testcase classname="runner.Allure" name="runScenario" time="0.076"/>
  <system-out/>
  <testcase classname="runner.Allure" name="runScenario" time="0.044"/>
  <system-out/>
  <testcase classname="runner.Allure" name="runScenario" time="0.030"/>
  <system-out/>
  <testcase classname="runner.Allure" name="runScenario" time="0.021"/>
  <system-out/>
  <testcase classname="runner.Allure" name="runScenario" time="0.023"/>
  <system-out/>
  <testcase classname="runner.Allure" name="runScenario" time="0.031"/>
  <system-out/>
  <testcase classname="runner.Allure" name="runScenario" time="0.024"/>
  <system-out/>
  <testcase classname="runner.Allure" name="runScenario" time="0.083"/>
  <system-out/>
  <testcase classname="runner.Allure" name="runScenario" time="0.042">
    <failure message="expected [PDF files within the size limit of 2MB] but found [Only files with extension .pdf are allowed]" type="java.lang.AssertionError">
      <![CDATA[java.lang.AssertionError: expected [PDF files within the size limit of 2MB] but found [Only files with extension .pdf are allowed]
at org.testng.Assert.fail(Assert.java:110)
at org.testng.Assert.failNotEquals(Assert.java:1413)
at org.testng.Assert.assertEqualsImpl(Assert.java:149)
at org.testng.Assert.assertEquals(Assert.java:131)
at org.testng.Assert.assertEquals(Assert.java:655)
at org.testng.Assert.assertEquals(Assert.java:665)
at stepdefinition.Createdietplan.the_user_should_see_an_error_message(Createdietplan.java:93)
at ✽.The user should see an error message "Only files with extension .pdf are allowed"(file:///C:/Users/amitf/eclipse-workspace/Dieticiansite/src/test/resources/feature/createdietplan.feature:56)
]]>
    </failure>
  </testcase> <!-- runScenario -->
  <system-out/>
  <testcase classname="runner.Allure" name="runScenario" time="0.160"/>
  <system-out/>
  <testcase classname="runner.Allure" name="runScenario" time="0.028"/>
  <system-out/>
  <testcase classname="runner.Allure" name="runScenario" time="0.020"/>
  <system-out/>
  <testcase classname="runner.Allure" name="runScenario" time="0.034"/>
  <system-out/>
  <testcase classname="runner.Allure" name="runScenario" time="0.055">
    <failure message="expected [File uplaoded successfully] but found [File uploaded successfully]" type="java.lang.AssertionError">
      <![CDATA[java.lang.AssertionError: expected [File uplaoded successfully] but found [File uploaded successfully]
at org.testng.Assert.fail(Assert.java:110)
at org.testng.Assert.failNotEquals(Assert.java:1413)
at org.testng.Assert.assertEqualsImpl(Assert.java:149)
at org.testng.Assert.assertEquals(Assert.java:131)
at org.testng.Assert.assertEquals(Assert.java:655)
at org.testng.Assert.assertEquals(Assert.java:665)
at stepdefinition.Createdietplan.the_user_should_see_a_message(Createdietplan.java:80)
at ✽.The user should see a message "File uploaded successfully"(file:///C:/Users/amitf/eclipse-workspace/Dieticiansite/src/test/resources/feature/createdietplan.feature:49)
]]>
    </failure>
  </testcase> <!-- runScenario -->
  <system-out/>
  <testcase classname="runner.Allure" name="runScenario" time="0.048"/>
  <system-out/>
  <testcase classname="runner.Allure" name="runScenario" time="0.021"/>
  <system-out/>
  <testcase classname="runner.Allure" name="runScenario" time="0.026"/>
  <system-out/>
  <testcase classname="runner.Allure" name="runScenario" time="0.027"/>
  <system-out/>
  <testcase classname="runner.Allure" name="runScenario" time="0.027"/>
  <system-out/>
  <testcase classname="runner.Allure" name="runScenario" time="0.026"/>
  <system-out/>
  <testcase classname="runner.Allure" name="runScenario" time="0.032"/>
  <system-out/>
  <testcase classname="runner.Allure" name="runScenario" time="0.022"/>
  <system-out/>
  <testcase classname="runner.Allure" name="runScenario" time="0.024"/>
  <system-out/>
  <testcase classname="runner.Allure" name="runScenario" time="0.052"/>
  <system-out/>
  <testcase classname="runner.Allure" name="runScenario" time="0.026"/>
  <system-out/>
  <testcase classname="runner.Allure" name="runScenario" time="0.029"/>
  <system-out/>
  <testcase classname="runner.Allure" name="runScenario" time="0.057">
    <failure message="expected [PDF files within the size limit of 2MB] but found [PDF files exceeding the size limit of 2MB]" type="java.lang.AssertionError">
      <![CDATA[java.lang.AssertionError: expected [PDF files within the size limit of 2MB] but found [PDF files exceeding the size limit of 2MB]
at org.testng.Assert.fail(Assert.java:110)
at org.testng.Assert.failNotEquals(Assert.java:1413)
at org.testng.Assert.assertEqualsImpl(Assert.java:149)
at org.testng.Assert.assertEquals(Assert.java:131)
at org.testng.Assert.assertEquals(Assert.java:655)
at org.testng.Assert.assertEquals(Assert.java:665)
at stepdefinition.Createdietplan.the_user_should_see_an_error_message(Createdietplan.java:93)
at ✽.The user should see an error message "PDF files exceeding the size limit of 2MB"(file:///C:/Users/amitf/eclipse-workspace/Dieticiansite/src/test/resources/feature/createdietplan.feature:63)
]]>
    </failure>
  </testcase> <!-- runScenario -->
  <system-out/>
  <testcase classname="runner.Allure" name="runScenario" time="0.033"/>
  <system-out/>
  <testcase classname="runner.Allure" name="runScenario" time="0.047"/>
  <system-out/>
  <testcase classname="runner.Allure" name="runScenario" time="0.025"/>
  <system-out/>
  <testcase classname="runner.Allure" name="runScenario" time="0.066"/>
  <system-out/>
  <testcase classname="runner.Allure" name="runScenario" time="0.024"/>
  <system-out/>
  <testcase classname="runner.Allure" name="runScenario" time="0.024"/>
  <system-out/>
  <testcase classname="runner.Allure" name="runScenario" time="0.027"/>
  <system-out/>
  <testcase classname="runner.Allure" name="runScenario" time="0.028"/>
  <system-out/>
  <testcase classname="runner.Allure" name="runScenario" time="0.033"/>
  <system-out/>
  <testcase classname="runner.Allure" name="runScenario" time="0.020"/>
  <system-out/>
  <testcase classname="runner.Allure" name="runScenario" time="0.034"/>
  <system-out/>
  <testcase classname="runner.Allure" name="runScenario" time="0.041"/>
  <system-out/>
  <testcase classname="runner.Allure" name="runScenario" time="0.029"/>
  <system-out/>
  <testcase classname="runner.Allure" name="runScenario" time="0.041"/>
  <system-out/>
</testsuite> <!-- runner.Allure -->
